<?xml version="1.0" encoding="UTF-8" standalone="yes"?>
<testsuites name="Register New Account" time="209" tests="1" failures="0" errors="0">
    <testsuite name="Register New Account" tests="1" failures="0" errors="0" time="209" timestamp="2020-02-15 22:04:20" hostname="Fhadel Fadillah - USER" id="Test Suites/Register New Account">
        <properties>
            <property name="deviceName" value="Xiaomi POCOPHONE F1 (Android 9)"/>
            <property name="devicePlatform" value=""/>
            <property name="logFolder" value="C:\\Users\\Fhadel Fadillah\\Katalon Studio\\AssesmentHCI\\Reports\\20200215_220416\\Register New Account\\20200215_220416"/>
            <property name="logFiles" value="C:\\Users\\Fhadel Fadillah\\Katalon Studio\\AssesmentHCI\\Reports\\20200215_220416\\Register New Account\\20200215_220416\\appium.log, C:\\Users\\Fhadel Fadillah\\Katalon Studio\\AssesmentHCI\\Reports\\20200215_220416\\Register New Account\\20200215_220416\\execution0.log"/>
            <property name="attachments" value="C:\\Users\\Fhadel Fadillah\\Katalon Studio\\AssesmentHCI\\Reports\\20200215_220416\\Register New Account\\20200215_220416\\1581779119988.png, C:\\Users\\Fhadel Fadillah\\Katalon Studio\\AssesmentHCI\\Reports\\20200215_220416\\Register New Account\\20200215_220416\\1581779228178.png, C:\\Users\\Fhadel Fadillah\\Katalon Studio\\AssesmentHCI\\Reports\\20200215_220416\\Register New Account\\20200215_220416\\1581779269125.png"/>
            <property name="hostName" value="Fhadel Fadillah - USER"/>
            <property name="os" value="Windows 10 64bit"/>
            <property name="appiumServerStatus" value="{\&quot;value\&quot;:{\&quot;build\&quot;:{\&quot;version\&quot;:\&quot;1.8.1\&quot;,\&quot;revision\&quot;:null}}}"/>
            <property name="katalonVersion" value="6.3.3.11"/>
            <property name="deviceOS" value="Android"/>
            <property name="appiumVersion" value="1.8.1"/>
            <property name="deviceModel" value="POCOPHONE F1"/>
            <property name="hostAddress" value="192.168.0.17"/>
            <property name="deviceManufacturer" value="Xiaomi"/>
            <property name="deviceId" value="32d5d90b"/>
            <property name="deviceName" value="Xiaomi POCOPHONE F1 (Android 9)"/>
            <property name="deviceOSVersion" value="9"/>
        </properties>
        <testcase name="Test Cases/TC01 - Register New Account" classname="Test Cases/TC01 - Register New Account" status="PASSED">
            <system-out>2020-02-15 22:04:21 - [TEST_CASE][PASSED] - Test Cases/TC01 - Register New Account: Test Cases/TC01 - Register New Account&#xD;
&#xD;
2020-02-15 22:04:21 - [TEST_STEP][PASSED] - startExistingApplication("id.co.myhomecredit"): Starting app with application ID: 'id.co.myhomecredit'&#xD;
&#xD;
2020-02-15 22:04:22 - [MESSAGE][INFO] - User set preference: ['autoGrantPermissions', 'true']&#xD;
&#xD;
2020-02-15 22:04:22 - [MESSAGE][INFO] - User set preference: ['deviceId', '32d5d90b']&#xD;
&#xD;
2020-02-15 22:04:27 - [MESSAGE][INFO] - Appium server started on port 52,264&#xD;
&#xD;
2020-02-15 22:04:52 - [MESSAGE][PASSED] - Starting app with application ID: 'id.co.myhomecredit'&#xD;
&#xD;
2020-02-15 22:04:52 - [TEST_STEP][PASSED] - delay(5): Delayed 5 second(s)&#xD;
&#xD;
2020-02-15 22:04:57 - [MESSAGE][PASSED] - Delayed 5 second(s)&#xD;
&#xD;
2020-02-15 22:04:57 - [TEST_STEP][PASSED] - while (verifyElementNotExist(findTestObject("Object Repository/WelcomePage/WelcomePage_DaftarButton"), 5, OPTIONAL)): Element 'Object Repository/WelcomePage/WelcomePage_DaftarButton' is exist&#xD;
&#xD;
2020-02-15 22:05:03 - [MESSAGE][PASSED] - Element 'Object Repository/WelcomePage/WelcomePage_DaftarButton' not found&#xD;
&#xD;
2020-02-15 22:05:03 - [TEST_STEP][PASSED] - common.swipe.swipeLeft(900, 700, 100, 700): Element 'Object Repository/WelcomePage/WelcomePage_DaftarButton' not found&#xD;
&#xD;
2020-02-15 22:05:05 - [MESSAGE][PASSED] - common.swipe.swipeLeft is PASSED&#xD;
&#xD;
2020-02-15 22:05:10 - [MESSAGE][PASSED] - Element 'Object Repository/WelcomePage/WelcomePage_DaftarButton' not found&#xD;
&#xD;
2020-02-15 22:05:10 - [TEST_STEP][PASSED] - common.swipe.swipeLeft(900, 700, 100, 700): Element 'Object Repository/WelcomePage/WelcomePage_DaftarButton' not found&#xD;
&#xD;
2020-02-15 22:05:12 - [MESSAGE][PASSED] - common.swipe.swipeLeft is PASSED&#xD;
&#xD;
2020-02-15 22:05:17 - [MESSAGE][PASSED] - Element 'Object Repository/WelcomePage/WelcomePage_DaftarButton' not found&#xD;
&#xD;
2020-02-15 22:05:17 - [TEST_STEP][PASSED] - common.swipe.swipeLeft(900, 700, 100, 700): Element 'Object Repository/WelcomePage/WelcomePage_DaftarButton' is exist&#xD;
&#xD;
2020-02-15 22:05:19 - [MESSAGE][PASSED] - common.swipe.swipeLeft is PASSED&#xD;
&#xD;
2020-02-15 22:05:21 - [MESSAGE][WARNING] - Element 'Object Repository/WelcomePage/WelcomePage_DaftarButton' is exist&#xD;
[[ATTACHMENT|C:\\Users\\Fhadel Fadillah\\Katalon Studio\\AssesmentHCI\\Reports\\20200215_220416\\Register New Account\\20200215_220416\\1581779119988.png]]&#xD;
&#xD;
2020-02-15 22:05:21 - [TEST_STEP][PASSED] - verifyElementVisible(findTestObject("Object Repository/WelcomePage/WelcomePage_DaftarButton"), 5): Element 'Object Repository/WelcomePage/WelcomePage_DaftarButton' is visible&#xD;
&#xD;
2020-02-15 22:05:21 - [MESSAGE][PASSED] - Element 'Object Repository/WelcomePage/WelcomePage_DaftarButton' is visible&#xD;
&#xD;
2020-02-15 22:05:21 - [TEST_STEP][PASSED] - tap(findTestObject("Object Repository/WelcomePage/WelcomePage_DaftarButton"), 0): Tapped on element 'Object Repository/WelcomePage/WelcomePage_DaftarButton'&#xD;
&#xD;
2020-02-15 22:05:21 - [MESSAGE][WARNING] - Timeout '0' is invalid. Using default page load timeout: '60'&#xD;
&#xD;
2020-02-15 22:05:23 - [MESSAGE][PASSED] - Tapped on element 'Object Repository/WelcomePage/WelcomePage_DaftarButton'&#xD;
&#xD;
2020-02-15 22:05:23 - [TEST_STEP][PASSED] - tap(findTestObject("Object Repository/Common/By XPATH", ["xpath":"//*[contains(text(),"Tanggal Lahir")]"]), 2): Tapped on element 'Object Repository/Common/By XPATH'&#xD;
&#xD;
2020-02-15 22:05:24 - [MESSAGE][PASSED] - Tapped on element 'Object Repository/Common/By XPATH'&#xD;
&#xD;
2020-02-15 22:05:24 - [TEST_STEP][PASSED] - common.calendar.selectDate("Jan 15 1995"): common.calendar.selectDate is PASSED&#xD;
&#xD;
2020-02-15 22:05:40 - [MESSAGE][PASSED] - Tapped on element 'Object Repository/Common/By ID'&#xD;
&#xD;
2020-02-15 22:05:40 - [MESSAGE][PASSED] - common.calendar.selectDate is PASSED&#xD;
&#xD;
2020-02-15 22:05:40 - [TEST_STEP][PASSED] - setText(findTestObject("Object Repository/Common/By ID", ["id":"id.co.myhomecredit:id/input_phone_no"]), "82112370408", 2): Text '82112370408' has been set to element 'Object Repository/Common/By ID'&#xD;
&#xD;
2020-02-15 22:05:41 - [MESSAGE][PASSED] - Text '82112370408' has been set to element 'Object Repository/Common/By ID'&#xD;
&#xD;
2020-02-15 22:05:41 - [TEST_STEP][PASSED] - setText(findTestObject("Object Repository/Common/By ID", ["id":"id.co.myhomecredit:id/setup_pin"]), "1212", 2): Text '1212' has been set to element 'Object Repository/Common/By ID'&#xD;
&#xD;
2020-02-15 22:05:43 - [MESSAGE][PASSED] - Text '1212' has been set to element 'Object Repository/Common/By ID'&#xD;
&#xD;
2020-02-15 22:05:43 - [TEST_STEP][PASSED] - setText(findTestObject("Object Repository/Common/By ID", ["id":"id.co.myhomecredit:id/confirm_pin"]), "1212", 2): Text '1212' has been set to element 'Object Repository/Common/By ID'&#xD;
&#xD;
2020-02-15 22:05:45 - [MESSAGE][PASSED] - Text '1212' has been set to element 'Object Repository/Common/By ID'&#xD;
&#xD;
2020-02-15 22:05:45 - [TEST_STEP][PASSED] - tap(findTestObject("Object Repository/Common/By ID", ["id":"id.co.myhomecredit:id/btn_next"]), 3): Tapped on element 'Object Repository/Common/By ID'&#xD;
&#xD;
2020-02-15 22:05:47 - [MESSAGE][PASSED] - Tapped on element 'Object Repository/Common/By ID'&#xD;
&#xD;
2020-02-15 22:05:47 - [TEST_STEP][PASSED] - delay(8): Delayed 8 second(s)&#xD;
&#xD;
2020-02-15 22:05:55 - [MESSAGE][PASSED] - Delayed 8 second(s)&#xD;
&#xD;
2020-02-15 22:05:55 - [TEST_STEP][PASSED] - while (true): null&#xD;
&#xD;
2020-02-15 22:05:55 - [TEST_STEP][PASSED] - if (verifyElementAttributeValue(findTestObject("Object Repository/Common/By ID", ["id":"id.co.myhomecredit:id/agree_button"]), "enabled", "false", 3, OPTIONAL) == true): common.swipe.swipeUp is PASSED&#xD;
&#xD;
2020-02-15 22:05:57 - [MESSAGE][PASSED] - Object 'Object Repository/Common/By ID' has attribute 'enabled' with value 'false'&#xD;
&#xD;
2020-02-15 22:05:57 - [TEST_STEP][PASSED] - common.swipe.swipeUp(900, 1700, 900, 900): common.swipe.swipeUp is PASSED&#xD;
&#xD;
2020-02-15 22:05:59 - [MESSAGE][PASSED] - common.swipe.swipeUp is PASSED&#xD;
&#xD;
2020-02-15 22:05:59 - [TEST_STEP][PASSED] - if (verifyElementAttributeValue(findTestObject("Object Repository/Common/By ID", ["id":"id.co.myhomecredit:id/agree_button"]), "enabled", "false", 3, OPTIONAL) == true): common.swipe.swipeUp is PASSED&#xD;
&#xD;
2020-02-15 22:05:59 - [MESSAGE][PASSED] - Object 'Object Repository/Common/By ID' has attribute 'enabled' with value 'false'&#xD;
&#xD;
2020-02-15 22:05:59 - [TEST_STEP][PASSED] - common.swipe.swipeUp(900, 1700, 900, 900): common.swipe.swipeUp is PASSED&#xD;
&#xD;
2020-02-15 22:06:01 - [MESSAGE][PASSED] - common.swipe.swipeUp is PASSED&#xD;
&#xD;
2020-02-15 22:06:01 - [TEST_STEP][PASSED] - if (verifyElementAttributeValue(findTestObject("Object Repository/Common/By ID", ["id":"id.co.myhomecredit:id/agree_button"]), "enabled", "false", 3, OPTIONAL) == true): common.swipe.swipeUp is PASSED&#xD;
&#xD;
2020-02-15 22:06:01 - [MESSAGE][PASSED] - Object 'Object Repository/Common/By ID' has attribute 'enabled' with value 'false'&#xD;
&#xD;
2020-02-15 22:06:01 - [TEST_STEP][PASSED] - common.swipe.swipeUp(900, 1700, 900, 900): common.swipe.swipeUp is PASSED&#xD;
&#xD;
2020-02-15 22:06:03 - [MESSAGE][PASSED] - common.swipe.swipeUp is PASSED&#xD;
&#xD;
2020-02-15 22:06:03 - [TEST_STEP][PASSED] - if (verifyElementAttributeValue(findTestObject("Object Repository/Common/By ID", ["id":"id.co.myhomecredit:id/agree_button"]), "enabled", "false", 3, OPTIONAL) == true): common.swipe.swipeUp is PASSED&#xD;
&#xD;
2020-02-15 22:06:04 - [MESSAGE][PASSED] - Object 'Object Repository/Common/By ID' has attribute 'enabled' with value 'false'&#xD;
&#xD;
2020-02-15 22:06:04 - [TEST_STEP][PASSED] - common.swipe.swipeUp(900, 1700, 900, 900): common.swipe.swipeUp is PASSED&#xD;
&#xD;
2020-02-15 22:06:05 - [MESSAGE][PASSED] - common.swipe.swipeUp is PASSED&#xD;
&#xD;
2020-02-15 22:06:05 - [TEST_STEP][PASSED] - if (verifyElementAttributeValue(findTestObject("Object Repository/Common/By ID", ["id":"id.co.myhomecredit:id/agree_button"]), "enabled", "false", 3, OPTIONAL) == true): common.swipe.swipeUp is PASSED&#xD;
&#xD;
2020-02-15 22:06:06 - [MESSAGE][PASSED] - Object 'Object Repository/Common/By ID' has attribute 'enabled' with value 'false'&#xD;
&#xD;
2020-02-15 22:06:06 - [TEST_STEP][PASSED] - common.swipe.swipeUp(900, 1700, 900, 900): common.swipe.swipeUp is PASSED&#xD;
&#xD;
2020-02-15 22:06:08 - [MESSAGE][PASSED] - common.swipe.swipeUp is PASSED&#xD;
&#xD;
2020-02-15 22:06:08 - [TEST_STEP][PASSED] - if (verifyElementAttributeValue(findTestObject("Object Repository/Common/By ID", ["id":"id.co.myhomecredit:id/agree_button"]), "enabled", "false", 3, OPTIONAL) == true): common.swipe.swipeUp is PASSED&#xD;
&#xD;
2020-02-15 22:06:08 - [MESSAGE][PASSED] - Object 'Object Repository/Common/By ID' has attribute 'enabled' with value 'false'&#xD;
&#xD;
2020-02-15 22:06:08 - [TEST_STEP][PASSED] - common.swipe.swipeUp(900, 1700, 900, 900): common.swipe.swipeUp is PASSED&#xD;
&#xD;
2020-02-15 22:06:10 - [MESSAGE][PASSED] - common.swipe.swipeUp is PASSED&#xD;
&#xD;
2020-02-15 22:06:10 - [TEST_STEP][PASSED] - if (verifyElementAttributeValue(findTestObject("Object Repository/Common/By ID", ["id":"id.co.myhomecredit:id/agree_button"]), "enabled", "false", 3, OPTIONAL) == true): common.swipe.swipeUp is PASSED&#xD;
&#xD;
2020-02-15 22:06:10 - [MESSAGE][PASSED] - Object 'Object Repository/Common/By ID' has attribute 'enabled' with value 'false'&#xD;
&#xD;
2020-02-15 22:06:10 - [TEST_STEP][PASSED] - common.swipe.swipeUp(900, 1700, 900, 900): common.swipe.swipeUp is PASSED&#xD;
&#xD;
2020-02-15 22:06:12 - [MESSAGE][PASSED] - common.swipe.swipeUp is PASSED&#xD;
&#xD;
2020-02-15 22:06:12 - [TEST_STEP][PASSED] - if (verifyElementAttributeValue(findTestObject("Object Repository/Common/By ID", ["id":"id.co.myhomecredit:id/agree_button"]), "enabled", "false", 3, OPTIONAL) == true): common.swipe.swipeUp is PASSED&#xD;
&#xD;
2020-02-15 22:06:12 - [MESSAGE][PASSED] - Object 'Object Repository/Common/By ID' has attribute 'enabled' with value 'false'&#xD;
&#xD;
2020-02-15 22:06:12 - [TEST_STEP][PASSED] - common.swipe.swipeUp(900, 1700, 900, 900): common.swipe.swipeUp is PASSED&#xD;
&#xD;
2020-02-15 22:06:14 - [MESSAGE][PASSED] - common.swipe.swipeUp is PASSED&#xD;
&#xD;
2020-02-15 22:06:14 - [TEST_STEP][PASSED] - if (verifyElementAttributeValue(findTestObject("Object Repository/Common/By ID", ["id":"id.co.myhomecredit:id/agree_button"]), "enabled", "false", 3, OPTIONAL) == true): common.swipe.swipeUp is PASSED&#xD;
&#xD;
2020-02-15 22:06:15 - [MESSAGE][PASSED] - Object 'Object Repository/Common/By ID' has attribute 'enabled' with value 'false'&#xD;
&#xD;
2020-02-15 22:06:15 - [TEST_STEP][PASSED] - common.swipe.swipeUp(900, 1700, 900, 900): common.swipe.swipeUp is PASSED&#xD;
&#xD;
2020-02-15 22:06:16 - [MESSAGE][PASSED] - common.swipe.swipeUp is PASSED&#xD;
&#xD;
2020-02-15 22:06:16 - [TEST_STEP][PASSED] - if (verifyElementAttributeValue(findTestObject("Object Repository/Common/By ID", ["id":"id.co.myhomecredit:id/agree_button"]), "enabled", "false", 3, OPTIONAL) == true): common.swipe.swipeUp is PASSED&#xD;
&#xD;
2020-02-15 22:06:17 - [MESSAGE][PASSED] - Object 'Object Repository/Common/By ID' has attribute 'enabled' with value 'false'&#xD;
&#xD;
2020-02-15 22:06:17 - [TEST_STEP][PASSED] - common.swipe.swipeUp(900, 1700, 900, 900): common.swipe.swipeUp is PASSED&#xD;
&#xD;
2020-02-15 22:06:19 - [MESSAGE][PASSED] - common.swipe.swipeUp is PASSED&#xD;
&#xD;
2020-02-15 22:06:19 - [TEST_STEP][PASSED] - if (verifyElementAttributeValue(findTestObject("Object Repository/Common/By ID", ["id":"id.co.myhomecredit:id/agree_button"]), "enabled", "false", 3, OPTIONAL) == true): common.swipe.swipeUp is PASSED&#xD;
&#xD;
2020-02-15 22:06:19 - [MESSAGE][PASSED] - Object 'Object Repository/Common/By ID' has attribute 'enabled' with value 'false'&#xD;
&#xD;
2020-02-15 22:06:19 - [TEST_STEP][PASSED] - common.swipe.swipeUp(900, 1700, 900, 900): common.swipe.swipeUp is PASSED&#xD;
&#xD;
2020-02-15 22:06:21 - [MESSAGE][PASSED] - common.swipe.swipeUp is PASSED&#xD;
&#xD;
2020-02-15 22:06:21 - [TEST_STEP][PASSED] - if (verifyElementAttributeValue(findTestObject("Object Repository/Common/By ID", ["id":"id.co.myhomecredit:id/agree_button"]), "enabled", "false", 3, OPTIONAL) == true): common.swipe.swipeUp is PASSED&#xD;
&#xD;
2020-02-15 22:06:21 - [MESSAGE][PASSED] - Object 'Object Repository/Common/By ID' has attribute 'enabled' with value 'false'&#xD;
&#xD;
2020-02-15 22:06:21 - [TEST_STEP][PASSED] - common.swipe.swipeUp(900, 1700, 900, 900): common.swipe.swipeUp is PASSED&#xD;
&#xD;
2020-02-15 22:06:23 - [MESSAGE][PASSED] - common.swipe.swipeUp is PASSED&#xD;
&#xD;
2020-02-15 22:06:23 - [TEST_STEP][PASSED] - if (verifyElementAttributeValue(findTestObject("Object Repository/Common/By ID", ["id":"id.co.myhomecredit:id/agree_button"]), "enabled", "false", 3, OPTIONAL) == true): common.swipe.swipeUp is PASSED&#xD;
&#xD;
2020-02-15 22:06:23 - [MESSAGE][PASSED] - Object 'Object Repository/Common/By ID' has attribute 'enabled' with value 'false'&#xD;
&#xD;
2020-02-15 22:06:23 - [TEST_STEP][PASSED] - common.swipe.swipeUp(900, 1700, 900, 900): common.swipe.swipeUp is PASSED&#xD;
&#xD;
2020-02-15 22:06:25 - [MESSAGE][PASSED] - common.swipe.swipeUp is PASSED&#xD;
&#xD;
2020-02-15 22:06:25 - [TEST_STEP][PASSED] - if (verifyElementAttributeValue(findTestObject("Object Repository/Common/By ID", ["id":"id.co.myhomecredit:id/agree_button"]), "enabled", "false", 3, OPTIONAL) == true): common.swipe.swipeUp is PASSED&#xD;
&#xD;
2020-02-15 22:06:26 - [MESSAGE][PASSED] - Object 'Object Repository/Common/By ID' has attribute 'enabled' with value 'false'&#xD;
&#xD;
2020-02-15 22:06:26 - [TEST_STEP][PASSED] - common.swipe.swipeUp(900, 1700, 900, 900): common.swipe.swipeUp is PASSED&#xD;
&#xD;
2020-02-15 22:06:27 - [MESSAGE][PASSED] - common.swipe.swipeUp is PASSED&#xD;
&#xD;
2020-02-15 22:06:27 - [TEST_STEP][PASSED] - if (verifyElementAttributeValue(findTestObject("Object Repository/Common/By ID", ["id":"id.co.myhomecredit:id/agree_button"]), "enabled", "false", 3, OPTIONAL) == true): common.swipe.swipeUp is PASSED&#xD;
&#xD;
2020-02-15 22:06:28 - [MESSAGE][PASSED] - Object 'Object Repository/Common/By ID' has attribute 'enabled' with value 'false'&#xD;
&#xD;
2020-02-15 22:06:28 - [TEST_STEP][PASSED] - common.swipe.swipeUp(900, 1700, 900, 900): common.swipe.swipeUp is PASSED&#xD;
&#xD;
2020-02-15 22:06:29 - [MESSAGE][PASSED] - common.swipe.swipeUp is PASSED&#xD;
&#xD;
2020-02-15 22:06:29 - [TEST_STEP][PASSED] - if (verifyElementAttributeValue(findTestObject("Object Repository/Common/By ID", ["id":"id.co.myhomecredit:id/agree_button"]), "enabled", "false", 3, OPTIONAL) == true): common.swipe.swipeUp is PASSED&#xD;
&#xD;
2020-02-15 22:06:30 - [MESSAGE][PASSED] - Object 'Object Repository/Common/By ID' has attribute 'enabled' with value 'false'&#xD;
&#xD;
2020-02-15 22:06:30 - [TEST_STEP][PASSED] - common.swipe.swipeUp(900, 1700, 900, 900): common.swipe.swipeUp is PASSED&#xD;
&#xD;
2020-02-15 22:06:32 - [MESSAGE][PASSED] - common.swipe.swipeUp is PASSED&#xD;
&#xD;
2020-02-15 22:06:32 - [TEST_STEP][PASSED] - if (verifyElementAttributeValue(findTestObject("Object Repository/Common/By ID", ["id":"id.co.myhomecredit:id/agree_button"]), "enabled", "false", 3, OPTIONAL) == true): common.swipe.swipeUp is PASSED&#xD;
&#xD;
2020-02-15 22:06:32 - [MESSAGE][PASSED] - Object 'Object Repository/Common/By ID' has attribute 'enabled' with value 'false'&#xD;
&#xD;
2020-02-15 22:06:32 - [TEST_STEP][PASSED] - common.swipe.swipeUp(900, 1700, 900, 900): common.swipe.swipeUp is PASSED&#xD;
&#xD;
2020-02-15 22:06:34 - [MESSAGE][PASSED] - common.swipe.swipeUp is PASSED&#xD;
&#xD;
2020-02-15 22:06:34 - [TEST_STEP][PASSED] - if (verifyElementAttributeValue(findTestObject("Object Repository/Common/By ID", ["id":"id.co.myhomecredit:id/agree_button"]), "enabled", "false", 3, OPTIONAL) == true): common.swipe.swipeUp is PASSED&#xD;
&#xD;
2020-02-15 22:06:35 - [MESSAGE][PASSED] - Object 'Object Repository/Common/By ID' has attribute 'enabled' with value 'false'&#xD;
&#xD;
2020-02-15 22:06:35 - [TEST_STEP][PASSED] - common.swipe.swipeUp(900, 1700, 900, 900): common.swipe.swipeUp is PASSED&#xD;
&#xD;
2020-02-15 22:06:36 - [MESSAGE][PASSED] - common.swipe.swipeUp is PASSED&#xD;
&#xD;
2020-02-15 22:06:36 - [TEST_STEP][PASSED] - if (verifyElementAttributeValue(findTestObject("Object Repository/Common/By ID", ["id":"id.co.myhomecredit:id/agree_button"]), "enabled", "false", 3, OPTIONAL) == true): common.swipe.swipeUp is PASSED&#xD;
&#xD;
2020-02-15 22:06:37 - [MESSAGE][PASSED] - Object 'Object Repository/Common/By ID' has attribute 'enabled' with value 'false'&#xD;
&#xD;
2020-02-15 22:06:37 - [TEST_STEP][PASSED] - common.swipe.swipeUp(900, 1700, 900, 900): common.swipe.swipeUp is PASSED&#xD;
&#xD;
2020-02-15 22:06:38 - [MESSAGE][PASSED] - common.swipe.swipeUp is PASSED&#xD;
&#xD;
2020-02-15 22:06:38 - [TEST_STEP][PASSED] - if (verifyElementAttributeValue(findTestObject("Object Repository/Common/By ID", ["id":"id.co.myhomecredit:id/agree_button"]), "enabled", "false", 3, OPTIONAL) == true): common.swipe.swipeUp is PASSED&#xD;
&#xD;
2020-02-15 22:06:39 - [MESSAGE][PASSED] - Object 'Object Repository/Common/By ID' has attribute 'enabled' with value 'false'&#xD;
&#xD;
2020-02-15 22:06:39 - [TEST_STEP][PASSED] - common.swipe.swipeUp(900, 1700, 900, 900): common.swipe.swipeUp is PASSED&#xD;
&#xD;
2020-02-15 22:06:41 - [MESSAGE][PASSED] - common.swipe.swipeUp is PASSED&#xD;
&#xD;
2020-02-15 22:06:41 - [TEST_STEP][PASSED] - if (verifyElementAttributeValue(findTestObject("Object Repository/Common/By ID", ["id":"id.co.myhomecredit:id/agree_button"]), "enabled", "false", 3, OPTIONAL) == true): common.swipe.swipeUp is PASSED&#xD;
&#xD;
2020-02-15 22:06:41 - [MESSAGE][PASSED] - Object 'Object Repository/Common/By ID' has attribute 'enabled' with value 'false'&#xD;
&#xD;
2020-02-15 22:06:41 - [TEST_STEP][PASSED] - common.swipe.swipeUp(900, 1700, 900, 900): common.swipe.swipeUp is PASSED&#xD;
&#xD;
2020-02-15 22:06:43 - [MESSAGE][PASSED] - common.swipe.swipeUp is PASSED&#xD;
&#xD;
2020-02-15 22:06:43 - [TEST_STEP][PASSED] - if (verifyElementAttributeValue(findTestObject("Object Repository/Common/By ID", ["id":"id.co.myhomecredit:id/agree_button"]), "enabled", "false", 3, OPTIONAL) == true): common.swipe.swipeUp is PASSED&#xD;
&#xD;
2020-02-15 22:06:43 - [MESSAGE][PASSED] - Object 'Object Repository/Common/By ID' has attribute 'enabled' with value 'false'&#xD;
&#xD;
2020-02-15 22:06:43 - [TEST_STEP][PASSED] - common.swipe.swipeUp(900, 1700, 900, 900): common.swipe.swipeUp is PASSED&#xD;
&#xD;
2020-02-15 22:06:45 - [MESSAGE][PASSED] - common.swipe.swipeUp is PASSED&#xD;
&#xD;
2020-02-15 22:06:45 - [TEST_STEP][PASSED] - if (verifyElementAttributeValue(findTestObject("Object Repository/Common/By ID", ["id":"id.co.myhomecredit:id/agree_button"]), "enabled", "false", 3, OPTIONAL) == true): common.swipe.swipeUp is PASSED&#xD;
&#xD;
2020-02-15 22:06:45 - [MESSAGE][PASSED] - Object 'Object Repository/Common/By ID' has attribute 'enabled' with value 'false'&#xD;
&#xD;
2020-02-15 22:06:45 - [TEST_STEP][PASSED] - common.swipe.swipeUp(900, 1700, 900, 900): common.swipe.swipeUp is PASSED&#xD;
&#xD;
2020-02-15 22:06:47 - [MESSAGE][PASSED] - common.swipe.swipeUp is PASSED&#xD;
&#xD;
2020-02-15 22:06:47 - [TEST_STEP][PASSED] - if (verifyElementAttributeValue(findTestObject("Object Repository/Common/By ID", ["id":"id.co.myhomecredit:id/agree_button"]), "enabled", "false", 3, OPTIONAL) == true): common.swipe.swipeUp is PASSED&#xD;
&#xD;
2020-02-15 22:06:47 - [MESSAGE][PASSED] - Object 'Object Repository/Common/By ID' has attribute 'enabled' with value 'false'&#xD;
&#xD;
2020-02-15 22:06:47 - [TEST_STEP][PASSED] - common.swipe.swipeUp(900, 1700, 900, 900): common.swipe.swipeUp is PASSED&#xD;
&#xD;
2020-02-15 22:06:49 - [MESSAGE][PASSED] - common.swipe.swipeUp is PASSED&#xD;
&#xD;
2020-02-15 22:06:49 - [TEST_STEP][PASSED] - if (verifyElementAttributeValue(findTestObject("Object Repository/Common/By ID", ["id":"id.co.myhomecredit:id/agree_button"]), "enabled", "false", 3, OPTIONAL) == true): common.swipe.swipeUp is PASSED&#xD;
&#xD;
2020-02-15 22:06:49 - [MESSAGE][PASSED] - Object 'Object Repository/Common/By ID' has attribute 'enabled' with value 'false'&#xD;
&#xD;
2020-02-15 22:06:49 - [TEST_STEP][PASSED] - common.swipe.swipeUp(900, 1700, 900, 900): common.swipe.swipeUp is PASSED&#xD;
&#xD;
2020-02-15 22:06:51 - [MESSAGE][PASSED] - common.swipe.swipeUp is PASSED&#xD;
&#xD;
2020-02-15 22:06:51 - [TEST_STEP][PASSED] - if (verifyElementAttributeValue(findTestObject("Object Repository/Common/By ID", ["id":"id.co.myhomecredit:id/agree_button"]), "enabled", "false", 3, OPTIONAL) == true): common.swipe.swipeUp is PASSED&#xD;
&#xD;
2020-02-15 22:06:52 - [MESSAGE][PASSED] - Object 'Object Repository/Common/By ID' has attribute 'enabled' with value 'false'&#xD;
&#xD;
2020-02-15 22:06:52 - [TEST_STEP][PASSED] - common.swipe.swipeUp(900, 1700, 900, 900): common.swipe.swipeUp is PASSED&#xD;
&#xD;
2020-02-15 22:06:53 - [MESSAGE][PASSED] - common.swipe.swipeUp is PASSED&#xD;
&#xD;
2020-02-15 22:06:53 - [TEST_STEP][PASSED] - if (verifyElementAttributeValue(findTestObject("Object Repository/Common/By ID", ["id":"id.co.myhomecredit:id/agree_button"]), "enabled", "false", 3, OPTIONAL) == true): common.swipe.swipeUp is PASSED&#xD;
&#xD;
2020-02-15 22:06:54 - [MESSAGE][PASSED] - Object 'Object Repository/Common/By ID' has attribute 'enabled' with value 'false'&#xD;
&#xD;
2020-02-15 22:06:54 - [TEST_STEP][PASSED] - common.swipe.swipeUp(900, 1700, 900, 900): common.swipe.swipeUp is PASSED&#xD;
&#xD;
2020-02-15 22:06:55 - [MESSAGE][PASSED] - common.swipe.swipeUp is PASSED&#xD;
&#xD;
2020-02-15 22:06:55 - [TEST_STEP][PASSED] - if (verifyElementAttributeValue(findTestObject("Object Repository/Common/By ID", ["id":"id.co.myhomecredit:id/agree_button"]), "enabled", "false", 3, OPTIONAL) == true): common.swipe.swipeUp is PASSED&#xD;
&#xD;
2020-02-15 22:06:56 - [MESSAGE][PASSED] - Object 'Object Repository/Common/By ID' has attribute 'enabled' with value 'false'&#xD;
&#xD;
2020-02-15 22:06:56 - [TEST_STEP][PASSED] - common.swipe.swipeUp(900, 1700, 900, 900): common.swipe.swipeUp is PASSED&#xD;
&#xD;
2020-02-15 22:06:58 - [MESSAGE][PASSED] - common.swipe.swipeUp is PASSED&#xD;
&#xD;
2020-02-15 22:06:58 - [TEST_STEP][PASSED] - if (verifyElementAttributeValue(findTestObject("Object Repository/Common/By ID", ["id":"id.co.myhomecredit:id/agree_button"]), "enabled", "false", 3, OPTIONAL) == true): common.swipe.swipeUp is PASSED&#xD;
&#xD;
2020-02-15 22:06:59 - [MESSAGE][PASSED] - Object 'Object Repository/Common/By ID' has attribute 'enabled' with value 'false'&#xD;
&#xD;
2020-02-15 22:06:59 - [TEST_STEP][PASSED] - common.swipe.swipeUp(900, 1700, 900, 900): common.swipe.swipeUp is PASSED&#xD;
&#xD;
2020-02-15 22:07:00 - [MESSAGE][PASSED] - common.swipe.swipeUp is PASSED&#xD;
&#xD;
2020-02-15 22:07:00 - [TEST_STEP][PASSED] - if (verifyElementAttributeValue(findTestObject("Object Repository/Common/By ID", ["id":"id.co.myhomecredit:id/agree_button"]), "enabled", "false", 3, OPTIONAL) == true): common.swipe.swipeUp is PASSED&#xD;
&#xD;
2020-02-15 22:07:01 - [MESSAGE][PASSED] - Object 'Object Repository/Common/By ID' has attribute 'enabled' with value 'false'&#xD;
&#xD;
2020-02-15 22:07:01 - [TEST_STEP][PASSED] - common.swipe.swipeUp(900, 1700, 900, 900): common.swipe.swipeUp is PASSED&#xD;
&#xD;
2020-02-15 22:07:03 - [MESSAGE][PASSED] - common.swipe.swipeUp is PASSED&#xD;
&#xD;
2020-02-15 22:07:03 - [TEST_STEP][PASSED] - if (verifyElementAttributeValue(findTestObject("Object Repository/Common/By ID", ["id":"id.co.myhomecredit:id/agree_button"]), "enabled", "false", 3, OPTIONAL) == true): common.swipe.swipeUp is PASSED&#xD;
&#xD;
2020-02-15 22:07:03 - [MESSAGE][PASSED] - Object 'Object Repository/Common/By ID' has attribute 'enabled' with value 'false'&#xD;
&#xD;
2020-02-15 22:07:03 - [TEST_STEP][PASSED] - common.swipe.swipeUp(900, 1700, 900, 900): common.swipe.swipeUp is PASSED&#xD;
&#xD;
2020-02-15 22:07:05 - [MESSAGE][PASSED] - common.swipe.swipeUp is PASSED&#xD;
&#xD;
2020-02-15 22:07:05 - [TEST_STEP][PASSED] - if (verifyElementAttributeValue(findTestObject("Object Repository/Common/By ID", ["id":"id.co.myhomecredit:id/agree_button"]), "enabled", "false", 3, OPTIONAL) == true): common.swipe.swipeUp is PASSED&#xD;
&#xD;
2020-02-15 22:07:06 - [MESSAGE][PASSED] - Object 'Object Repository/Common/By ID' has attribute 'enabled' with value 'false'&#xD;
&#xD;
2020-02-15 22:07:06 - [TEST_STEP][PASSED] - common.swipe.swipeUp(900, 1700, 900, 900): common.swipe.swipeUp is PASSED&#xD;
&#xD;
2020-02-15 22:07:07 - [MESSAGE][PASSED] - common.swipe.swipeUp is PASSED&#xD;
&#xD;
2020-02-15 22:07:07 - [TEST_STEP][PASSED] - if (verifyElementAttributeValue(findTestObject("Object Repository/Common/By ID", ["id":"id.co.myhomecredit:id/agree_button"]), "enabled", "false", 3, OPTIONAL) == true): Object 'Object Repository/Common/By ID' has attribute 'enabled' with actual value 'true' instead of expected value 'false'&#xD;
&#xD;
2020-02-15 22:07:09 - [MESSAGE][WARNING] - Object 'Object Repository/Common/By ID' has attribute 'enabled' with actual value 'true' instead of expected value 'false'&#xD;
[[ATTACHMENT|C:\\Users\\Fhadel Fadillah\\Katalon Studio\\AssesmentHCI\\Reports\\20200215_220416\\Register New Account\\20200215_220416\\1581779228178.png]]&#xD;
&#xD;
2020-02-15 22:07:09 - [TEST_STEP][PASSED] - else: null&#xD;
&#xD;
2020-02-15 22:07:09 - [TEST_STEP][PASSED] - tap(findTestObject("Object Repository/Common/By ID", ["id":"id.co.myhomecredit:id/agree_button"]), 3): Tapped on element 'Object Repository/Common/By ID'&#xD;
&#xD;
2020-02-15 22:07:11 - [MESSAGE][PASSED] - Tapped on element 'Object Repository/Common/By ID'&#xD;
&#xD;
2020-02-15 22:07:11 - [TEST_STEP][PASSED] - break: null&#xD;
&#xD;
2020-02-15 22:07:11 - [TEST_STEP][PASSED] - delay(20): Delayed 20 second(s)&#xD;
&#xD;
2020-02-15 22:07:31 - [MESSAGE][PASSED] - Delayed 20 second(s)&#xD;
&#xD;
2020-02-15 22:07:31 - [TEST_STEP][PASSED] - openNotifications(): Open notifications successfully&#xD;
&#xD;
2020-02-15 22:07:31 - [MESSAGE][PASSED] - Open notifications successfully&#xD;
&#xD;
2020-02-15 22:07:32 - [TEST_STEP][PASSED] - TextNotif = getText(findTestObject("NotificationText_OTP"), 5): Text of element 'Object Repository/NotificationText_OTP' is: '6 messages | Kode OTP untuk verifikasi anda adalah 9706. Berlaku hingga 22:12. Mohon gunakan kode ini untuk verifikasi.'&#xD;
&#xD;
2020-02-15 22:07:33 - [MESSAGE][PASSED] - Text of element 'Object Repository/NotificationText_OTP' is: '6 messages | Kode OTP untuk verifikasi anda adalah 9706. Berlaku hingga 22:12. Mohon gunakan kode ini untuk verifikasi.'&#xD;
&#xD;
2020-02-15 22:07:33 - [TEST_STEP][PASSED] - println(TextNotif.substring(51, 55)): null&#xD;
&#xD;
2020-02-15 22:07:33 - [TEST_STEP][PASSED] - delay(5): Delayed 5 second(s)&#xD;
&#xD;
2020-02-15 22:07:38 - [MESSAGE][PASSED] - Delayed 5 second(s)&#xD;
&#xD;
2020-02-15 22:07:38 - [TEST_STEP][PASSED] - closeNotifications(): Notification closed.&#xD;
&#xD;
2020-02-15 22:07:40 - [MESSAGE][PASSED] - Notification closed.&#xD;
&#xD;
2020-02-15 22:07:40 - [TEST_STEP][PASSED] - setText(findTestObject("Object Repository/Common/By ID", ["id":"id.co.myhomecredit:id/pin_et_input_otp"]), TextNotif, 5): Text '6 messages | Kode OTP untuk verifikasi anda adalah 9706. Berlaku hingga 22:12. Mohon gunakan kode ini untuk verifikasi.' has been set to element 'Object Repository/Common/By ID'&#xD;
&#xD;
2020-02-15 22:07:41 - [MESSAGE][PASSED] - Text '6 messages | Kode OTP untuk verifikasi anda adalah 9706. Berlaku hingga 22:12. Mohon gunakan kode ini untuk verifikasi.' has been set to element 'Object Repository/Common/By ID'&#xD;
&#xD;
2020-02-15 22:07:41 - [TEST_STEP][PASSED] - tap(findTestObject("Object Repository/Common/By ID", ["id":"id.co.myhomecredit:id/btn_next"]), 3): Tapped on element 'Object Repository/Common/By ID'&#xD;
&#xD;
2020-02-15 22:07:44 - [MESSAGE][PASSED] - Tapped on element 'Object Repository/Common/By ID'&#xD;
&#xD;
2020-02-15 22:07:44 - [TEST_STEP][PASSED] - delay(5): Delayed 5 second(s)&#xD;
&#xD;
2020-02-15 22:07:49 - [MESSAGE][PASSED] - Delayed 5 second(s)&#xD;
&#xD;
2020-02-15 22:07:49 - [TEST_STEP][PASSED] - takeScreenshot(): Screenshot is taken&#xD;
&#xD;
2020-02-15 22:07:49 - [MESSAGE][PASSED] - Screenshot is taken&#xD;
[[ATTACHMENT|C:\\Users\\Fhadel Fadillah\\Katalon Studio\\AssesmentHCI\\Reports\\20200215_220416\\Register New Account\\20200215_220416\\1581779269125.png]]</system-out>
            <system-err></system-err>
        </testcase>
        <system-out>2020-02-15 22:04:20 - [TEST_SUITE][INCOMPLETE] - Register New Account: null</system-out>
        <system-err>2020-02-15 22:04:20 - [TEST_SUITE][INCOMPLETE] - Register New Account: null</system-err>
    </testsuite>
</testsuites>
