<?xml version="1.0" encoding="UTF-8" standalone="yes"?>
<testsuites name="Register New Account" time="212" tests="1" failures="0" errors="0">
    <testsuite name="Register New Account" tests="1" failures="0" errors="0" time="212" timestamp="2020-02-15 22:10:39" hostname="Fhadel Fadillah - USER" id="Test Suites/Register New Account">
        <properties>
            <property name="deviceName" value="Xiaomi POCOPHONE F1 (Android 9)"/>
            <property name="devicePlatform" value=""/>
            <property name="logFolder" value="C:\\Users\\Fhadel Fadillah\\Katalon Studio\\AssesmentHCI\\Reports\\20200215_221035\\Register New Account\\20200215_221035"/>
            <property name="logFiles" value="C:\\Users\\Fhadel Fadillah\\Katalon Studio\\AssesmentHCI\\Reports\\20200215_221035\\Register New Account\\20200215_221035\\appium.log, C:\\Users\\Fhadel Fadillah\\Katalon Studio\\AssesmentHCI\\Reports\\20200215_221035\\Register New Account\\20200215_221035\\execution0.log"/>
            <property name="attachments" value="C:\\Users\\Fhadel Fadillah\\Katalon Studio\\AssesmentHCI\\Reports\\20200215_221035\\Register New Account\\20200215_221035\\1581779497504.png, C:\\Users\\Fhadel Fadillah\\Katalon Studio\\AssesmentHCI\\Reports\\20200215_221035\\Register New Account\\20200215_221035\\1581779609048.png, C:\\Users\\Fhadel Fadillah\\Katalon Studio\\AssesmentHCI\\Reports\\20200215_221035\\Register New Account\\20200215_221035\\1581779649839.png"/>
            <property name="hostName" value="Fhadel Fadillah - USER"/>
            <property name="os" value="Windows 10 64bit"/>
            <property name="appiumServerStatus" value="{\&quot;value\&quot;:{\&quot;build\&quot;:{\&quot;version\&quot;:\&quot;1.8.1\&quot;,\&quot;revision\&quot;:null}}}"/>
            <property name="katalonVersion" value="6.3.3.11"/>
            <property name="deviceOS" value="Android"/>
            <property name="appiumVersion" value="1.8.1"/>
            <property name="deviceModel" value="POCOPHONE F1"/>
            <property name="hostAddress" value="192.168.0.17"/>
            <property name="deviceManufacturer" value="Xiaomi"/>
            <property name="deviceId" value="32d5d90b"/>
            <property name="deviceName" value="Xiaomi POCOPHONE F1 (Android 9)"/>
            <property name="deviceOSVersion" value="9"/>
        </properties>
        <testcase name="Test Cases/TC01 - Register New Account" classname="Test Cases/TC01 - Register New Account" status="PASSED">
            <system-out>2020-02-15 22:10:39 - [TEST_CASE][PASSED] - Test Cases/TC01 - Register New Account: Test Cases/TC01 - Register New Account&#xD;
&#xD;
2020-02-15 22:10:40 - [TEST_STEP][PASSED] - startExistingApplication("id.co.myhomecredit"): Starting app with application ID: 'id.co.myhomecredit'&#xD;
&#xD;
2020-02-15 22:10:40 - [MESSAGE][INFO] - User set preference: ['autoGrantPermissions', 'true']&#xD;
&#xD;
2020-02-15 22:10:40 - [MESSAGE][INFO] - User set preference: ['deviceId', '32d5d90b']&#xD;
&#xD;
2020-02-15 22:10:45 - [MESSAGE][INFO] - Appium server started on port 52,986&#xD;
&#xD;
2020-02-15 22:11:10 - [MESSAGE][PASSED] - Starting app with application ID: 'id.co.myhomecredit'&#xD;
&#xD;
2020-02-15 22:11:10 - [TEST_STEP][PASSED] - delay(5): Delayed 5 second(s)&#xD;
&#xD;
2020-02-15 22:11:15 - [MESSAGE][PASSED] - Delayed 5 second(s)&#xD;
&#xD;
2020-02-15 22:11:15 - [TEST_STEP][PASSED] - while (verifyElementNotExist(findTestObject("Object Repository/WelcomePage/WelcomePage_DaftarButton"), 5, OPTIONAL)): Element 'Object Repository/WelcomePage/WelcomePage_DaftarButton' is exist&#xD;
&#xD;
2020-02-15 22:11:21 - [MESSAGE][PASSED] - Element 'Object Repository/WelcomePage/WelcomePage_DaftarButton' not found&#xD;
&#xD;
2020-02-15 22:11:21 - [TEST_STEP][PASSED] - common.swipe.swipeLeft(900, 700, 100, 700): Element 'Object Repository/WelcomePage/WelcomePage_DaftarButton' not found&#xD;
&#xD;
2020-02-15 22:11:23 - [MESSAGE][PASSED] - common.swipe.swipeLeft is PASSED&#xD;
&#xD;
2020-02-15 22:11:28 - [MESSAGE][PASSED] - Element 'Object Repository/WelcomePage/WelcomePage_DaftarButton' not found&#xD;
&#xD;
2020-02-15 22:11:28 - [TEST_STEP][PASSED] - common.swipe.swipeLeft(900, 700, 100, 700): Element 'Object Repository/WelcomePage/WelcomePage_DaftarButton' not found&#xD;
&#xD;
2020-02-15 22:11:30 - [MESSAGE][PASSED] - common.swipe.swipeLeft is PASSED&#xD;
&#xD;
2020-02-15 22:11:35 - [MESSAGE][PASSED] - Element 'Object Repository/WelcomePage/WelcomePage_DaftarButton' not found&#xD;
&#xD;
2020-02-15 22:11:35 - [TEST_STEP][PASSED] - common.swipe.swipeLeft(900, 700, 100, 700): Element 'Object Repository/WelcomePage/WelcomePage_DaftarButton' is exist&#xD;
&#xD;
2020-02-15 22:11:37 - [MESSAGE][PASSED] - common.swipe.swipeLeft is PASSED&#xD;
&#xD;
2020-02-15 22:11:38 - [MESSAGE][WARNING] - Element 'Object Repository/WelcomePage/WelcomePage_DaftarButton' is exist&#xD;
[[ATTACHMENT|C:\\Users\\Fhadel Fadillah\\Katalon Studio\\AssesmentHCI\\Reports\\20200215_221035\\Register New Account\\20200215_221035\\1581779497504.png]]&#xD;
&#xD;
2020-02-15 22:11:38 - [TEST_STEP][PASSED] - verifyElementVisible(findTestObject("Object Repository/WelcomePage/WelcomePage_DaftarButton"), 5): Element 'Object Repository/WelcomePage/WelcomePage_DaftarButton' is visible&#xD;
&#xD;
2020-02-15 22:11:38 - [MESSAGE][PASSED] - Element 'Object Repository/WelcomePage/WelcomePage_DaftarButton' is visible&#xD;
&#xD;
2020-02-15 22:11:38 - [TEST_STEP][PASSED] - tap(findTestObject("Object Repository/WelcomePage/WelcomePage_DaftarButton"), 0): Tapped on element 'Object Repository/WelcomePage/WelcomePage_DaftarButton'&#xD;
&#xD;
2020-02-15 22:11:39 - [MESSAGE][WARNING] - Timeout '0' is invalid. Using default page load timeout: '60'&#xD;
&#xD;
2020-02-15 22:11:40 - [MESSAGE][PASSED] - Tapped on element 'Object Repository/WelcomePage/WelcomePage_DaftarButton'&#xD;
&#xD;
2020-02-15 22:11:40 - [TEST_STEP][PASSED] - tap(findTestObject("Object Repository/Common/By XPATH", ["xpath":"//*[contains(text(),"Tanggal Lahir")]"]), 2): Tapped on element 'Object Repository/Common/By XPATH'&#xD;
&#xD;
2020-02-15 22:11:41 - [MESSAGE][PASSED] - Tapped on element 'Object Repository/Common/By XPATH'&#xD;
&#xD;
2020-02-15 22:11:41 - [TEST_STEP][PASSED] - common.calendar.selectDate("Jan 15 1995"): common.calendar.selectDate is PASSED&#xD;
&#xD;
2020-02-15 22:11:59 - [MESSAGE][PASSED] - Tapped on element 'Object Repository/Common/By ID'&#xD;
&#xD;
2020-02-15 22:11:59 - [MESSAGE][PASSED] - common.calendar.selectDate is PASSED&#xD;
&#xD;
2020-02-15 22:11:59 - [TEST_STEP][PASSED] - setText(findTestObject("Object Repository/Common/By ID", ["id":"id.co.myhomecredit:id/input_phone_no"]), "82112370408", 2): Text '82112370408' has been set to element 'Object Repository/Common/By ID'&#xD;
&#xD;
2020-02-15 22:12:00 - [MESSAGE][PASSED] - Text '82112370408' has been set to element 'Object Repository/Common/By ID'&#xD;
&#xD;
2020-02-15 22:12:00 - [TEST_STEP][PASSED] - setText(findTestObject("Object Repository/Common/By ID", ["id":"id.co.myhomecredit:id/setup_pin"]), "1212", 2): Text '1212' has been set to element 'Object Repository/Common/By ID'&#xD;
&#xD;
2020-02-15 22:12:02 - [MESSAGE][PASSED] - Text '1212' has been set to element 'Object Repository/Common/By ID'&#xD;
&#xD;
2020-02-15 22:12:02 - [TEST_STEP][PASSED] - setText(findTestObject("Object Repository/Common/By ID", ["id":"id.co.myhomecredit:id/confirm_pin"]), "1212", 2): Text '1212' has been set to element 'Object Repository/Common/By ID'&#xD;
&#xD;
2020-02-15 22:12:04 - [MESSAGE][PASSED] - Text '1212' has been set to element 'Object Repository/Common/By ID'&#xD;
&#xD;
2020-02-15 22:12:04 - [TEST_STEP][PASSED] - tap(findTestObject("Object Repository/Common/By ID", ["id":"id.co.myhomecredit:id/btn_next"]), 3): Tapped on element 'Object Repository/Common/By ID'&#xD;
&#xD;
2020-02-15 22:12:06 - [MESSAGE][PASSED] - Tapped on element 'Object Repository/Common/By ID'&#xD;
&#xD;
2020-02-15 22:12:06 - [TEST_STEP][PASSED] - delay(8): Delayed 8 second(s)&#xD;
&#xD;
2020-02-15 22:12:14 - [MESSAGE][PASSED] - Delayed 8 second(s)&#xD;
&#xD;
2020-02-15 22:12:14 - [TEST_STEP][PASSED] - while (true): null&#xD;
&#xD;
2020-02-15 22:12:14 - [TEST_STEP][PASSED] - if (verifyElementAttributeValue(findTestObject("Object Repository/Common/By ID", ["id":"id.co.myhomecredit:id/agree_button"]), "enabled", "false", 3, OPTIONAL) == true): common.swipe.swipeUp is PASSED&#xD;
&#xD;
2020-02-15 22:12:16 - [MESSAGE][PASSED] - Object 'Object Repository/Common/By ID' has attribute 'enabled' with value 'false'&#xD;
&#xD;
2020-02-15 22:12:16 - [TEST_STEP][PASSED] - common.swipe.swipeUp(900, 1700, 900, 900): common.swipe.swipeUp is PASSED&#xD;
&#xD;
2020-02-15 22:12:18 - [MESSAGE][PASSED] - common.swipe.swipeUp is PASSED&#xD;
&#xD;
2020-02-15 22:12:18 - [TEST_STEP][PASSED] - if (verifyElementAttributeValue(findTestObject("Object Repository/Common/By ID", ["id":"id.co.myhomecredit:id/agree_button"]), "enabled", "false", 3, OPTIONAL) == true): common.swipe.swipeUp is PASSED&#xD;
&#xD;
2020-02-15 22:12:18 - [MESSAGE][PASSED] - Object 'Object Repository/Common/By ID' has attribute 'enabled' with value 'false'&#xD;
&#xD;
2020-02-15 22:12:18 - [TEST_STEP][PASSED] - common.swipe.swipeUp(900, 1700, 900, 900): common.swipe.swipeUp is PASSED&#xD;
&#xD;
2020-02-15 22:12:20 - [MESSAGE][PASSED] - common.swipe.swipeUp is PASSED&#xD;
&#xD;
2020-02-15 22:12:20 - [TEST_STEP][PASSED] - if (verifyElementAttributeValue(findTestObject("Object Repository/Common/By ID", ["id":"id.co.myhomecredit:id/agree_button"]), "enabled", "false", 3, OPTIONAL) == true): common.swipe.swipeUp is PASSED&#xD;
&#xD;
2020-02-15 22:12:21 - [MESSAGE][PASSED] - Object 'Object Repository/Common/By ID' has attribute 'enabled' with value 'false'&#xD;
&#xD;
2020-02-15 22:12:21 - [TEST_STEP][PASSED] - common.swipe.swipeUp(900, 1700, 900, 900): common.swipe.swipeUp is PASSED&#xD;
&#xD;
2020-02-15 22:12:22 - [MESSAGE][PASSED] - common.swipe.swipeUp is PASSED&#xD;
&#xD;
2020-02-15 22:12:22 - [TEST_STEP][PASSED] - if (verifyElementAttributeValue(findTestObject("Object Repository/Common/By ID", ["id":"id.co.myhomecredit:id/agree_button"]), "enabled", "false", 3, OPTIONAL) == true): common.swipe.swipeUp is PASSED&#xD;
&#xD;
2020-02-15 22:12:23 - [MESSAGE][PASSED] - Object 'Object Repository/Common/By ID' has attribute 'enabled' with value 'false'&#xD;
&#xD;
2020-02-15 22:12:23 - [TEST_STEP][PASSED] - common.swipe.swipeUp(900, 1700, 900, 900): common.swipe.swipeUp is PASSED&#xD;
&#xD;
2020-02-15 22:12:24 - [MESSAGE][PASSED] - common.swipe.swipeUp is PASSED&#xD;
&#xD;
2020-02-15 22:12:24 - [TEST_STEP][PASSED] - if (verifyElementAttributeValue(findTestObject("Object Repository/Common/By ID", ["id":"id.co.myhomecredit:id/agree_button"]), "enabled", "false", 3, OPTIONAL) == true): common.swipe.swipeUp is PASSED&#xD;
&#xD;
2020-02-15 22:12:25 - [MESSAGE][PASSED] - Object 'Object Repository/Common/By ID' has attribute 'enabled' with value 'false'&#xD;
&#xD;
2020-02-15 22:12:25 - [TEST_STEP][PASSED] - common.swipe.swipeUp(900, 1700, 900, 900): common.swipe.swipeUp is PASSED&#xD;
&#xD;
2020-02-15 22:12:27 - [MESSAGE][PASSED] - common.swipe.swipeUp is PASSED&#xD;
&#xD;
2020-02-15 22:12:27 - [TEST_STEP][PASSED] - if (verifyElementAttributeValue(findTestObject("Object Repository/Common/By ID", ["id":"id.co.myhomecredit:id/agree_button"]), "enabled", "false", 3, OPTIONAL) == true): common.swipe.swipeUp is PASSED&#xD;
&#xD;
2020-02-15 22:12:27 - [MESSAGE][PASSED] - Object 'Object Repository/Common/By ID' has attribute 'enabled' with value 'false'&#xD;
&#xD;
2020-02-15 22:12:27 - [TEST_STEP][PASSED] - common.swipe.swipeUp(900, 1700, 900, 900): common.swipe.swipeUp is PASSED&#xD;
&#xD;
2020-02-15 22:12:29 - [MESSAGE][PASSED] - common.swipe.swipeUp is PASSED&#xD;
&#xD;
2020-02-15 22:12:29 - [TEST_STEP][PASSED] - if (verifyElementAttributeValue(findTestObject("Object Repository/Common/By ID", ["id":"id.co.myhomecredit:id/agree_button"]), "enabled", "false", 3, OPTIONAL) == true): common.swipe.swipeUp is PASSED&#xD;
&#xD;
2020-02-15 22:12:29 - [MESSAGE][PASSED] - Object 'Object Repository/Common/By ID' has attribute 'enabled' with value 'false'&#xD;
&#xD;
2020-02-15 22:12:29 - [TEST_STEP][PASSED] - common.swipe.swipeUp(900, 1700, 900, 900): common.swipe.swipeUp is PASSED&#xD;
&#xD;
2020-02-15 22:12:31 - [MESSAGE][PASSED] - common.swipe.swipeUp is PASSED&#xD;
&#xD;
2020-02-15 22:12:31 - [TEST_STEP][PASSED] - if (verifyElementAttributeValue(findTestObject("Object Repository/Common/By ID", ["id":"id.co.myhomecredit:id/agree_button"]), "enabled", "false", 3, OPTIONAL) == true): common.swipe.swipeUp is PASSED&#xD;
&#xD;
2020-02-15 22:12:32 - [MESSAGE][PASSED] - Object 'Object Repository/Common/By ID' has attribute 'enabled' with value 'false'&#xD;
&#xD;
2020-02-15 22:12:32 - [TEST_STEP][PASSED] - common.swipe.swipeUp(900, 1700, 900, 900): common.swipe.swipeUp is PASSED&#xD;
&#xD;
2020-02-15 22:12:33 - [MESSAGE][PASSED] - common.swipe.swipeUp is PASSED&#xD;
&#xD;
2020-02-15 22:12:33 - [TEST_STEP][PASSED] - if (verifyElementAttributeValue(findTestObject("Object Repository/Common/By ID", ["id":"id.co.myhomecredit:id/agree_button"]), "enabled", "false", 3, OPTIONAL) == true): common.swipe.swipeUp is PASSED&#xD;
&#xD;
2020-02-15 22:12:34 - [MESSAGE][PASSED] - Object 'Object Repository/Common/By ID' has attribute 'enabled' with value 'false'&#xD;
&#xD;
2020-02-15 22:12:34 - [TEST_STEP][PASSED] - common.swipe.swipeUp(900, 1700, 900, 900): common.swipe.swipeUp is PASSED&#xD;
&#xD;
2020-02-15 22:12:36 - [MESSAGE][PASSED] - common.swipe.swipeUp is PASSED&#xD;
&#xD;
2020-02-15 22:12:36 - [TEST_STEP][PASSED] - if (verifyElementAttributeValue(findTestObject("Object Repository/Common/By ID", ["id":"id.co.myhomecredit:id/agree_button"]), "enabled", "false", 3, OPTIONAL) == true): common.swipe.swipeUp is PASSED&#xD;
&#xD;
2020-02-15 22:12:36 - [MESSAGE][PASSED] - Object 'Object Repository/Common/By ID' has attribute 'enabled' with value 'false'&#xD;
&#xD;
2020-02-15 22:12:36 - [TEST_STEP][PASSED] - common.swipe.swipeUp(900, 1700, 900, 900): common.swipe.swipeUp is PASSED&#xD;
&#xD;
2020-02-15 22:12:38 - [MESSAGE][PASSED] - common.swipe.swipeUp is PASSED&#xD;
&#xD;
2020-02-15 22:12:38 - [TEST_STEP][PASSED] - if (verifyElementAttributeValue(findTestObject("Object Repository/Common/By ID", ["id":"id.co.myhomecredit:id/agree_button"]), "enabled", "false", 3, OPTIONAL) == true): common.swipe.swipeUp is PASSED&#xD;
&#xD;
2020-02-15 22:12:38 - [MESSAGE][PASSED] - Object 'Object Repository/Common/By ID' has attribute 'enabled' with value 'false'&#xD;
&#xD;
2020-02-15 22:12:38 - [TEST_STEP][PASSED] - common.swipe.swipeUp(900, 1700, 900, 900): common.swipe.swipeUp is PASSED&#xD;
&#xD;
2020-02-15 22:12:40 - [MESSAGE][PASSED] - common.swipe.swipeUp is PASSED&#xD;
&#xD;
2020-02-15 22:12:40 - [TEST_STEP][PASSED] - if (verifyElementAttributeValue(findTestObject("Object Repository/Common/By ID", ["id":"id.co.myhomecredit:id/agree_button"]), "enabled", "false", 3, OPTIONAL) == true): common.swipe.swipeUp is PASSED&#xD;
&#xD;
2020-02-15 22:12:40 - [MESSAGE][PASSED] - Object 'Object Repository/Common/By ID' has attribute 'enabled' with value 'false'&#xD;
&#xD;
2020-02-15 22:12:40 - [TEST_STEP][PASSED] - common.swipe.swipeUp(900, 1700, 900, 900): common.swipe.swipeUp is PASSED&#xD;
&#xD;
2020-02-15 22:12:42 - [MESSAGE][PASSED] - common.swipe.swipeUp is PASSED&#xD;
&#xD;
2020-02-15 22:12:42 - [TEST_STEP][PASSED] - if (verifyElementAttributeValue(findTestObject("Object Repository/Common/By ID", ["id":"id.co.myhomecredit:id/agree_button"]), "enabled", "false", 3, OPTIONAL) == true): common.swipe.swipeUp is PASSED&#xD;
&#xD;
2020-02-15 22:12:42 - [MESSAGE][PASSED] - Object 'Object Repository/Common/By ID' has attribute 'enabled' with value 'false'&#xD;
&#xD;
2020-02-15 22:12:42 - [TEST_STEP][PASSED] - common.swipe.swipeUp(900, 1700, 900, 900): common.swipe.swipeUp is PASSED&#xD;
&#xD;
2020-02-15 22:12:44 - [MESSAGE][PASSED] - common.swipe.swipeUp is PASSED&#xD;
&#xD;
2020-02-15 22:12:44 - [TEST_STEP][PASSED] - if (verifyElementAttributeValue(findTestObject("Object Repository/Common/By ID", ["id":"id.co.myhomecredit:id/agree_button"]), "enabled", "false", 3, OPTIONAL) == true): common.swipe.swipeUp is PASSED&#xD;
&#xD;
2020-02-15 22:12:45 - [MESSAGE][PASSED] - Object 'Object Repository/Common/By ID' has attribute 'enabled' with value 'false'&#xD;
&#xD;
2020-02-15 22:12:45 - [TEST_STEP][PASSED] - common.swipe.swipeUp(900, 1700, 900, 900): common.swipe.swipeUp is PASSED&#xD;
&#xD;
2020-02-15 22:12:46 - [MESSAGE][PASSED] - common.swipe.swipeUp is PASSED&#xD;
&#xD;
2020-02-15 22:12:46 - [TEST_STEP][PASSED] - if (verifyElementAttributeValue(findTestObject("Object Repository/Common/By ID", ["id":"id.co.myhomecredit:id/agree_button"]), "enabled", "false", 3, OPTIONAL) == true): common.swipe.swipeUp is PASSED&#xD;
&#xD;
2020-02-15 22:12:47 - [MESSAGE][PASSED] - Object 'Object Repository/Common/By ID' has attribute 'enabled' with value 'false'&#xD;
&#xD;
2020-02-15 22:12:47 - [TEST_STEP][PASSED] - common.swipe.swipeUp(900, 1700, 900, 900): common.swipe.swipeUp is PASSED&#xD;
&#xD;
2020-02-15 22:12:48 - [MESSAGE][PASSED] - common.swipe.swipeUp is PASSED&#xD;
&#xD;
2020-02-15 22:12:48 - [TEST_STEP][PASSED] - if (verifyElementAttributeValue(findTestObject("Object Repository/Common/By ID", ["id":"id.co.myhomecredit:id/agree_button"]), "enabled", "false", 3, OPTIONAL) == true): common.swipe.swipeUp is PASSED&#xD;
&#xD;
2020-02-15 22:12:49 - [MESSAGE][PASSED] - Object 'Object Repository/Common/By ID' has attribute 'enabled' with value 'false'&#xD;
&#xD;
2020-02-15 22:12:49 - [TEST_STEP][PASSED] - common.swipe.swipeUp(900, 1700, 900, 900): common.swipe.swipeUp is PASSED&#xD;
&#xD;
2020-02-15 22:12:51 - [MESSAGE][PASSED] - common.swipe.swipeUp is PASSED&#xD;
&#xD;
2020-02-15 22:12:51 - [TEST_STEP][PASSED] - if (verifyElementAttributeValue(findTestObject("Object Repository/Common/By ID", ["id":"id.co.myhomecredit:id/agree_button"]), "enabled", "false", 3, OPTIONAL) == true): common.swipe.swipeUp is PASSED&#xD;
&#xD;
2020-02-15 22:12:51 - [MESSAGE][PASSED] - Object 'Object Repository/Common/By ID' has attribute 'enabled' with value 'false'&#xD;
&#xD;
2020-02-15 22:12:51 - [TEST_STEP][PASSED] - common.swipe.swipeUp(900, 1700, 900, 900): common.swipe.swipeUp is PASSED&#xD;
&#xD;
2020-02-15 22:12:53 - [MESSAGE][PASSED] - common.swipe.swipeUp is PASSED&#xD;
&#xD;
2020-02-15 22:12:53 - [TEST_STEP][PASSED] - if (verifyElementAttributeValue(findTestObject("Object Repository/Common/By ID", ["id":"id.co.myhomecredit:id/agree_button"]), "enabled", "false", 3, OPTIONAL) == true): common.swipe.swipeUp is PASSED&#xD;
&#xD;
2020-02-15 22:12:53 - [MESSAGE][PASSED] - Object 'Object Repository/Common/By ID' has attribute 'enabled' with value 'false'&#xD;
&#xD;
2020-02-15 22:12:53 - [TEST_STEP][PASSED] - common.swipe.swipeUp(900, 1700, 900, 900): common.swipe.swipeUp is PASSED&#xD;
&#xD;
2020-02-15 22:12:55 - [MESSAGE][PASSED] - common.swipe.swipeUp is PASSED&#xD;
&#xD;
2020-02-15 22:12:55 - [TEST_STEP][PASSED] - if (verifyElementAttributeValue(findTestObject("Object Repository/Common/By ID", ["id":"id.co.myhomecredit:id/agree_button"]), "enabled", "false", 3, OPTIONAL) == true): common.swipe.swipeUp is PASSED&#xD;
&#xD;
2020-02-15 22:12:56 - [MESSAGE][PASSED] - Object 'Object Repository/Common/By ID' has attribute 'enabled' with value 'false'&#xD;
&#xD;
2020-02-15 22:12:56 - [TEST_STEP][PASSED] - common.swipe.swipeUp(900, 1700, 900, 900): common.swipe.swipeUp is PASSED&#xD;
&#xD;
2020-02-15 22:12:57 - [MESSAGE][PASSED] - common.swipe.swipeUp is PASSED&#xD;
&#xD;
2020-02-15 22:12:57 - [TEST_STEP][PASSED] - if (verifyElementAttributeValue(findTestObject("Object Repository/Common/By ID", ["id":"id.co.myhomecredit:id/agree_button"]), "enabled", "false", 3, OPTIONAL) == true): common.swipe.swipeUp is PASSED&#xD;
&#xD;
2020-02-15 22:12:58 - [MESSAGE][PASSED] - Object 'Object Repository/Common/By ID' has attribute 'enabled' with value 'false'&#xD;
&#xD;
2020-02-15 22:12:58 - [TEST_STEP][PASSED] - common.swipe.swipeUp(900, 1700, 900, 900): common.swipe.swipeUp is PASSED&#xD;
&#xD;
2020-02-15 22:13:00 - [MESSAGE][PASSED] - common.swipe.swipeUp is PASSED&#xD;
&#xD;
2020-02-15 22:13:00 - [TEST_STEP][PASSED] - if (verifyElementAttributeValue(findTestObject("Object Repository/Common/By ID", ["id":"id.co.myhomecredit:id/agree_button"]), "enabled", "false", 3, OPTIONAL) == true): common.swipe.swipeUp is PASSED&#xD;
&#xD;
2020-02-15 22:13:00 - [MESSAGE][PASSED] - Object 'Object Repository/Common/By ID' has attribute 'enabled' with value 'false'&#xD;
&#xD;
2020-02-15 22:13:00 - [TEST_STEP][PASSED] - common.swipe.swipeUp(900, 1700, 900, 900): common.swipe.swipeUp is PASSED&#xD;
&#xD;
2020-02-15 22:13:02 - [MESSAGE][PASSED] - common.swipe.swipeUp is PASSED&#xD;
&#xD;
2020-02-15 22:13:02 - [TEST_STEP][PASSED] - if (verifyElementAttributeValue(findTestObject("Object Repository/Common/By ID", ["id":"id.co.myhomecredit:id/agree_button"]), "enabled", "false", 3, OPTIONAL) == true): common.swipe.swipeUp is PASSED&#xD;
&#xD;
2020-02-15 22:13:02 - [MESSAGE][PASSED] - Object 'Object Repository/Common/By ID' has attribute 'enabled' with value 'false'&#xD;
&#xD;
2020-02-15 22:13:02 - [TEST_STEP][PASSED] - common.swipe.swipeUp(900, 1700, 900, 900): common.swipe.swipeUp is PASSED&#xD;
&#xD;
2020-02-15 22:13:04 - [MESSAGE][PASSED] - common.swipe.swipeUp is PASSED&#xD;
&#xD;
2020-02-15 22:13:04 - [TEST_STEP][PASSED] - if (verifyElementAttributeValue(findTestObject("Object Repository/Common/By ID", ["id":"id.co.myhomecredit:id/agree_button"]), "enabled", "false", 3, OPTIONAL) == true): common.swipe.swipeUp is PASSED&#xD;
&#xD;
2020-02-15 22:13:04 - [MESSAGE][PASSED] - Object 'Object Repository/Common/By ID' has attribute 'enabled' with value 'false'&#xD;
&#xD;
2020-02-15 22:13:04 - [TEST_STEP][PASSED] - common.swipe.swipeUp(900, 1700, 900, 900): common.swipe.swipeUp is PASSED&#xD;
&#xD;
2020-02-15 22:13:06 - [MESSAGE][PASSED] - common.swipe.swipeUp is PASSED&#xD;
&#xD;
2020-02-15 22:13:06 - [TEST_STEP][PASSED] - if (verifyElementAttributeValue(findTestObject("Object Repository/Common/By ID", ["id":"id.co.myhomecredit:id/agree_button"]), "enabled", "false", 3, OPTIONAL) == true): common.swipe.swipeUp is PASSED&#xD;
&#xD;
2020-02-15 22:13:07 - [MESSAGE][PASSED] - Object 'Object Repository/Common/By ID' has attribute 'enabled' with value 'false'&#xD;
&#xD;
2020-02-15 22:13:07 - [TEST_STEP][PASSED] - common.swipe.swipeUp(900, 1700, 900, 900): common.swipe.swipeUp is PASSED&#xD;
&#xD;
2020-02-15 22:13:08 - [MESSAGE][PASSED] - common.swipe.swipeUp is PASSED&#xD;
&#xD;
2020-02-15 22:13:08 - [TEST_STEP][PASSED] - if (verifyElementAttributeValue(findTestObject("Object Repository/Common/By ID", ["id":"id.co.myhomecredit:id/agree_button"]), "enabled", "false", 3, OPTIONAL) == true): common.swipe.swipeUp is PASSED&#xD;
&#xD;
2020-02-15 22:13:09 - [MESSAGE][PASSED] - Object 'Object Repository/Common/By ID' has attribute 'enabled' with value 'false'&#xD;
&#xD;
2020-02-15 22:13:09 - [TEST_STEP][PASSED] - common.swipe.swipeUp(900, 1700, 900, 900): common.swipe.swipeUp is PASSED&#xD;
&#xD;
2020-02-15 22:13:10 - [MESSAGE][PASSED] - common.swipe.swipeUp is PASSED&#xD;
&#xD;
2020-02-15 22:13:10 - [TEST_STEP][PASSED] - if (verifyElementAttributeValue(findTestObject("Object Repository/Common/By ID", ["id":"id.co.myhomecredit:id/agree_button"]), "enabled", "false", 3, OPTIONAL) == true): common.swipe.swipeUp is PASSED&#xD;
&#xD;
2020-02-15 22:13:11 - [MESSAGE][PASSED] - Object 'Object Repository/Common/By ID' has attribute 'enabled' with value 'false'&#xD;
&#xD;
2020-02-15 22:13:11 - [TEST_STEP][PASSED] - common.swipe.swipeUp(900, 1700, 900, 900): common.swipe.swipeUp is PASSED&#xD;
&#xD;
2020-02-15 22:13:13 - [MESSAGE][PASSED] - common.swipe.swipeUp is PASSED&#xD;
&#xD;
2020-02-15 22:13:13 - [TEST_STEP][PASSED] - if (verifyElementAttributeValue(findTestObject("Object Repository/Common/By ID", ["id":"id.co.myhomecredit:id/agree_button"]), "enabled", "false", 3, OPTIONAL) == true): common.swipe.swipeUp is PASSED&#xD;
&#xD;
2020-02-15 22:13:14 - [MESSAGE][PASSED] - Object 'Object Repository/Common/By ID' has attribute 'enabled' with value 'false'&#xD;
&#xD;
2020-02-15 22:13:14 - [TEST_STEP][PASSED] - common.swipe.swipeUp(900, 1700, 900, 900): common.swipe.swipeUp is PASSED&#xD;
&#xD;
2020-02-15 22:13:15 - [MESSAGE][PASSED] - common.swipe.swipeUp is PASSED&#xD;
&#xD;
2020-02-15 22:13:15 - [TEST_STEP][PASSED] - if (verifyElementAttributeValue(findTestObject("Object Repository/Common/By ID", ["id":"id.co.myhomecredit:id/agree_button"]), "enabled", "false", 3, OPTIONAL) == true): common.swipe.swipeUp is PASSED&#xD;
&#xD;
2020-02-15 22:13:16 - [MESSAGE][PASSED] - Object 'Object Repository/Common/By ID' has attribute 'enabled' with value 'false'&#xD;
&#xD;
2020-02-15 22:13:16 - [TEST_STEP][PASSED] - common.swipe.swipeUp(900, 1700, 900, 900): common.swipe.swipeUp is PASSED&#xD;
&#xD;
2020-02-15 22:13:18 - [MESSAGE][PASSED] - common.swipe.swipeUp is PASSED&#xD;
&#xD;
2020-02-15 22:13:18 - [TEST_STEP][PASSED] - if (verifyElementAttributeValue(findTestObject("Object Repository/Common/By ID", ["id":"id.co.myhomecredit:id/agree_button"]), "enabled", "false", 3, OPTIONAL) == true): common.swipe.swipeUp is PASSED&#xD;
&#xD;
2020-02-15 22:13:18 - [MESSAGE][PASSED] - Object 'Object Repository/Common/By ID' has attribute 'enabled' with value 'false'&#xD;
&#xD;
2020-02-15 22:13:18 - [TEST_STEP][PASSED] - common.swipe.swipeUp(900, 1700, 900, 900): common.swipe.swipeUp is PASSED&#xD;
&#xD;
2020-02-15 22:13:20 - [MESSAGE][PASSED] - common.swipe.swipeUp is PASSED&#xD;
&#xD;
2020-02-15 22:13:20 - [TEST_STEP][PASSED] - if (verifyElementAttributeValue(findTestObject("Object Repository/Common/By ID", ["id":"id.co.myhomecredit:id/agree_button"]), "enabled", "false", 3, OPTIONAL) == true): common.swipe.swipeUp is PASSED&#xD;
&#xD;
2020-02-15 22:13:20 - [MESSAGE][PASSED] - Object 'Object Repository/Common/By ID' has attribute 'enabled' with value 'false'&#xD;
&#xD;
2020-02-15 22:13:20 - [TEST_STEP][PASSED] - common.swipe.swipeUp(900, 1700, 900, 900): common.swipe.swipeUp is PASSED&#xD;
&#xD;
2020-02-15 22:13:22 - [MESSAGE][PASSED] - common.swipe.swipeUp is PASSED&#xD;
&#xD;
2020-02-15 22:13:22 - [TEST_STEP][PASSED] - if (verifyElementAttributeValue(findTestObject("Object Repository/Common/By ID", ["id":"id.co.myhomecredit:id/agree_button"]), "enabled", "false", 3, OPTIONAL) == true): common.swipe.swipeUp is PASSED&#xD;
&#xD;
2020-02-15 22:13:22 - [MESSAGE][PASSED] - Object 'Object Repository/Common/By ID' has attribute 'enabled' with value 'false'&#xD;
&#xD;
2020-02-15 22:13:22 - [TEST_STEP][PASSED] - common.swipe.swipeUp(900, 1700, 900, 900): common.swipe.swipeUp is PASSED&#xD;
&#xD;
2020-02-15 22:13:24 - [MESSAGE][PASSED] - common.swipe.swipeUp is PASSED&#xD;
&#xD;
2020-02-15 22:13:24 - [TEST_STEP][PASSED] - if (verifyElementAttributeValue(findTestObject("Object Repository/Common/By ID", ["id":"id.co.myhomecredit:id/agree_button"]), "enabled", "false", 3, OPTIONAL) == true): common.swipe.swipeUp is PASSED&#xD;
&#xD;
2020-02-15 22:13:24 - [MESSAGE][PASSED] - Object 'Object Repository/Common/By ID' has attribute 'enabled' with value 'false'&#xD;
&#xD;
2020-02-15 22:13:24 - [TEST_STEP][PASSED] - common.swipe.swipeUp(900, 1700, 900, 900): common.swipe.swipeUp is PASSED&#xD;
&#xD;
2020-02-15 22:13:26 - [MESSAGE][PASSED] - common.swipe.swipeUp is PASSED&#xD;
&#xD;
2020-02-15 22:13:26 - [TEST_STEP][PASSED] - if (verifyElementAttributeValue(findTestObject("Object Repository/Common/By ID", ["id":"id.co.myhomecredit:id/agree_button"]), "enabled", "false", 3, OPTIONAL) == true): common.swipe.swipeUp is PASSED&#xD;
&#xD;
2020-02-15 22:13:26 - [MESSAGE][PASSED] - Object 'Object Repository/Common/By ID' has attribute 'enabled' with value 'false'&#xD;
&#xD;
2020-02-15 22:13:26 - [TEST_STEP][PASSED] - common.swipe.swipeUp(900, 1700, 900, 900): common.swipe.swipeUp is PASSED&#xD;
&#xD;
2020-02-15 22:13:28 - [MESSAGE][PASSED] - common.swipe.swipeUp is PASSED&#xD;
&#xD;
2020-02-15 22:13:28 - [TEST_STEP][PASSED] - if (verifyElementAttributeValue(findTestObject("Object Repository/Common/By ID", ["id":"id.co.myhomecredit:id/agree_button"]), "enabled", "false", 3, OPTIONAL) == true): Object 'Object Repository/Common/By ID' has attribute 'enabled' with actual value 'true' instead of expected value 'false'&#xD;
&#xD;
2020-02-15 22:13:30 - [MESSAGE][WARNING] - Object 'Object Repository/Common/By ID' has attribute 'enabled' with actual value 'true' instead of expected value 'false'&#xD;
[[ATTACHMENT|C:\\Users\\Fhadel Fadillah\\Katalon Studio\\AssesmentHCI\\Reports\\20200215_221035\\Register New Account\\20200215_221035\\1581779609048.png]]&#xD;
&#xD;
2020-02-15 22:13:30 - [TEST_STEP][PASSED] - else: null&#xD;
&#xD;
2020-02-15 22:13:30 - [TEST_STEP][PASSED] - tap(findTestObject("Object Repository/Common/By ID", ["id":"id.co.myhomecredit:id/agree_button"]), 3): Tapped on element 'Object Repository/Common/By ID'&#xD;
&#xD;
2020-02-15 22:13:31 - [MESSAGE][PASSED] - Tapped on element 'Object Repository/Common/By ID'&#xD;
&#xD;
2020-02-15 22:13:31 - [TEST_STEP][PASSED] - break: null&#xD;
&#xD;
2020-02-15 22:13:31 - [TEST_STEP][PASSED] - delay(20): Delayed 20 second(s)&#xD;
&#xD;
2020-02-15 22:13:51 - [MESSAGE][PASSED] - Delayed 20 second(s)&#xD;
&#xD;
2020-02-15 22:13:51 - [TEST_STEP][PASSED] - openNotifications(): Open notifications successfully&#xD;
&#xD;
2020-02-15 22:13:52 - [MESSAGE][PASSED] - Open notifications successfully&#xD;
&#xD;
2020-02-15 22:13:52 - [TEST_STEP][PASSED] - TextNotif = getText(findTestObject("NotificationText_OTP"), 5): Text of element 'Object Repository/NotificationText_OTP' is: '7 messages | Kode OTP untuk verifikasi anda adalah 6469. Berlaku hingga 22:18. Mohon gunakan kode ini untuk verifikasi.'&#xD;
&#xD;
2020-02-15 22:13:54 - [MESSAGE][PASSED] - Text of element 'Object Repository/NotificationText_OTP' is: '7 messages | Kode OTP untuk verifikasi anda adalah 6469. Berlaku hingga 22:18. Mohon gunakan kode ini untuk verifikasi.'&#xD;
&#xD;
2020-02-15 22:13:54 - [TEST_STEP][PASSED] - println(TextNotif.substring(51, 55)): null&#xD;
&#xD;
2020-02-15 22:13:54 - [TEST_STEP][PASSED] - delay(5): Delayed 5 second(s)&#xD;
&#xD;
2020-02-15 22:13:59 - [MESSAGE][PASSED] - Delayed 5 second(s)&#xD;
&#xD;
2020-02-15 22:13:59 - [TEST_STEP][PASSED] - closeNotifications(): Notification closed.&#xD;
&#xD;
2020-02-15 22:14:00 - [MESSAGE][PASSED] - Notification closed.&#xD;
&#xD;
2020-02-15 22:14:01 - [TEST_STEP][PASSED] - setText(findTestObject("Object Repository/Common/By ID", ["id":"id.co.myhomecredit:id/pin_et_input_otp"]), TextNotif.substring(51, 55), 5): Text '6469' has been set to element 'Object Repository/Common/By ID'&#xD;
&#xD;
2020-02-15 22:14:02 - [MESSAGE][PASSED] - Text '6469' has been set to element 'Object Repository/Common/By ID'&#xD;
&#xD;
2020-02-15 22:14:02 - [TEST_STEP][PASSED] - tap(findTestObject("Object Repository/Common/By ID", ["id":"id.co.myhomecredit:id/btn_next"]), 3): Tapped on element 'Object Repository/Common/By ID'&#xD;
&#xD;
2020-02-15 22:14:04 - [MESSAGE][PASSED] - Tapped on element 'Object Repository/Common/By ID'&#xD;
&#xD;
2020-02-15 22:14:04 - [TEST_STEP][PASSED] - delay(5): Delayed 5 second(s)&#xD;
&#xD;
2020-02-15 22:14:09 - [MESSAGE][PASSED] - Delayed 5 second(s)&#xD;
&#xD;
2020-02-15 22:14:09 - [TEST_STEP][PASSED] - takeScreenshot(): Screenshot is taken&#xD;
&#xD;
2020-02-15 22:14:10 - [MESSAGE][PASSED] - Screenshot is taken&#xD;
[[ATTACHMENT|C:\\Users\\Fhadel Fadillah\\Katalon Studio\\AssesmentHCI\\Reports\\20200215_221035\\Register New Account\\20200215_221035\\1581779649839.png]]&#xD;
&#xD;
2020-02-15 22:14:10 - [TEST_STEP][PASSED] - takeScreenshot("C:\Users\Fhadel Fadillah\Katalon Studio\AssesmentHCI\Reports\Screenshot"): Destination 'C:\Users\Fhadel Fadillah\Katalon Studio\AssesmentHCI\Reports\Screenshot' exists but is a directory&#xD;
&#xD;
2020-02-15 22:14:11 - [MESSAGE][WARNING] - Destination 'C:\Users\Fhadel Fadillah\Katalon Studio\AssesmentHCI\Reports\Screenshot' exists but is a directory</system-out>
            <system-err></system-err>
        </testcase>
        <system-out>2020-02-15 22:10:39 - [TEST_SUITE][INCOMPLETE] - Register New Account: null</system-out>
        <system-err>2020-02-15 22:10:39 - [TEST_SUITE][INCOMPLETE] - Register New Account: null</system-err>
    </testsuite>
</testsuites>
